

Version:	3.50
CmdLine:	C:\Users\jhlee\Desktop\과제.학교서류\과제 2023\ITS66704 Adv Program\Assignment (GRP\EHMR\EHMR.exe --l4j-debug
JNI:		No
WOW64:		Yes
Working dir:	C:\Users\jhlee\Desktop\과제.학교서류\과제 2023\ITS66704 Adv Program\Assignment (GRP\EHMR\.
Requires JDK:	No
Requires 64-Bit: No
Java min ver:	1.008.000
Java max ver:	
JRE paths:	C:\Program Files (x86)\Java\jre1.8.0_361
Check launcher:	C:\Program Files (x86)\Java\jre1.8.0_361\bin\javaw.exe (OK)
Version string: 1.008.000_361 / 32-Bit (OK)
Launcher:	C:\Program Files (x86)\Java\jre1.8.0_361\bin\javaw.exe
Launcher args:	--module-path lib/javafx-sdk-20.0.1/lib --add-modules javafx.controls,javafx.graphics -jar "C:\Users\jhlee\Desktop\과제.학교서류\과제 2023\ITS66704 Adv Program\Assignment (GRP\EHMR\EHMR.exe"
Args length:	190/32768 chars
Exit code:	0


Version:	3.50
CmdLine:	C:\Users\jhlee\Desktop\과제.학교서류\과제 2023\ITS66704 Adv Program\Assignment (GRP\EHMR\EHMR.exe --l4j-debug
JNI:		No
WOW64:		Yes
Working dir:	C:\Users\jhlee\Desktop\과제.학교서류\과제 2023\ITS66704 Adv Program\Assignment (GRP\EHMR\.
Requires JDK:	No
Requires 64-Bit: No
Java min ver:	1.017.000
Java max ver:	
Substitute:	JAVA_HOME = C:\Program Files\Eclipse Adoptium\jdk-17.0.6.10-hotspot
JRE paths:	C:\Program Files\Eclipse Adoptium\jdk-17.0.6.10-hotspot
Check launcher:	C:\Program Files\Eclipse Adoptium\jdk-17.0.6.10-hotspot\bin\javaw.exe (OK)
Version string: 1.017.000_006 / 64-Bit (OK)
Launcher:	C:\Program Files\Eclipse Adoptium\jdk-17.0.6.10-hotspot\bin\javaw.exe
Launcher args:	--module-path lib/javafx-sdk-20.0.1/lib --add-modules javafx.controls,javafx.graphics -jar "C:\Users\jhlee\Desktop\과제.학교서류\과제 2023\ITS66704 Adv Program\Assignment (GRP\EHMR\EHMR.exe"
Args length:	190/32768 chars
Exit code:	0
